{"numFailedTestSuites":0,"numFailedTests":0,"numPassedTestSuites":1,"numPassedTests":8,"numPendingTestSuites":0,"numPendingTests":0,"numRuntimeErrorTestSuites":0,"numTodoTests":0,"numTotalTestSuites":1,"numTotalTests":8,"openHandles":[],"snapshot":{"added":0,"didUpdate":false,"failure":true,"filesAdded":0,"filesRemoved":0,"filesRemovedList":[],"filesUnmatched":0,"filesUpdated":0,"matched":8,"total":8,"unchecked":1,"uncheckedKeysByFile":[{"filePath":"/Works/paku/src/components/button/__test__/button.test.js","keys":["Button With Icon Coba 1"]}],"unmatched":0,"updated":0},"startTime":1584129822136,"success":false,"testResults":[{"assertionResults":[{"ancestorTitles":[],"failureMessages":[],"fullName":"Button Render Test","location":null,"status":"passed","title":"Button Render Test"},{"ancestorTitles":[],"failureMessages":[],"fullName":"Button Event Test","location":null,"status":"passed","title":"Button Event Test"},{"ancestorTitles":[],"failureMessages":[],"fullName":"Button Variants","location":null,"status":"passed","title":"Button Variants"},{"ancestorTitles":[],"failureMessages":[],"fullName":"Button Block","location":null,"status":"passed","title":"Button Block"},{"ancestorTitles":[],"failureMessages":[],"fullName":"Button Disabled","location":null,"status":"passed","title":"Button Disabled"},{"ancestorTitles":[],"failureMessages":[],"fullName":"Button Size","location":null,"status":"passed","title":"Button Size"},{"ancestorTitles":[],"failureMessages":[],"fullName":"Button Outline Style","location":null,"status":"passed","title":"Button Outline Style"},{"ancestorTitles":[],"failureMessages":[],"fullName":"Button With Icon","location":null,"status":"passed","title":"Button With Icon"}],"endTime":1584129825330,"message":"","name":"/Works/paku/src/components/button/__test__/button.test.js","startTime":1584129822897,"status":"passed","summary":""}],"wasInterrupted":false}