{"numFailedTestSuites":0,"numFailedTests":0,"numPassedTestSuites":2,"numPassedTests":16,"numPendingTestSuites":0,"numPendingTests":0,"numRuntimeErrorTestSuites":0,"numTodoTests":0,"numTotalTestSuites":2,"numTotalTests":16,"openHandles":[],"snapshot":{"added":0,"didUpdate":false,"failure":false,"filesAdded":0,"filesRemoved":0,"filesRemovedList":[],"filesUnmatched":0,"filesUpdated":0,"matched":16,"total":16,"unchecked":0,"uncheckedKeysByFile":[],"unmatched":0,"updated":0},"startTime":1584216126148,"success":true,"testResults":[{"assertionResults":[{"ancestorTitles":[],"failureMessages":[],"fullName":"Button basic render","location":null,"status":"passed","title":"Button basic render"},{"ancestorTitles":[],"failureMessages":[],"fullName":"Button event click and doubleclick","location":null,"status":"passed","title":"Button event click and doubleclick"},{"ancestorTitles":[],"failureMessages":[],"fullName":"Button variants","location":null,"status":"passed","title":"Button variants"},{"ancestorTitles":[],"failureMessages":[],"fullName":"Button block","location":null,"status":"passed","title":"Button block"},{"ancestorTitles":[],"failureMessages":[],"fullName":"Button disabled","location":null,"status":"passed","title":"Button disabled"},{"ancestorTitles":[],"failureMessages":[],"fullName":"Button size","location":null,"status":"passed","title":"Button size"},{"ancestorTitles":[],"failureMessages":[],"fullName":"Button outline style","location":null,"status":"passed","title":"Button outline style"},{"ancestorTitles":[],"failureMessages":[],"fullName":"Button with icon","location":null,"status":"passed","title":"Button with icon"}],"endTime":1584216131480,"message":"","name":"/Works/paku/src/components/button/__test__/button.test.js","startTime":1584216127513,"status":"passed","summary":""},{"assertionResults":[{"ancestorTitles":[],"failureMessages":[],"fullName":"Grid basic render","location":null,"status":"passed","title":"Grid basic render"},{"ancestorTitles":[],"failureMessages":[],"fullName":"Grid fluid container","location":null,"status":"passed","title":"Grid fluid container"},{"ancestorTitles":[],"failureMessages":[],"fullName":"Grid custom max width and gutter of the container","location":null,"status":"passed","title":"Grid custom max width and gutter of the container"},{"ancestorTitles":[],"failureMessages":[],"fullName":"Grid has no padding left and right on the container","location":null,"status":"passed","title":"Grid has no padding left and right on the container"},{"ancestorTitles":[],"failureMessages":[],"fullName":"Grid with vertical space","location":null,"status":"passed","title":"Grid with vertical space"},{"ancestorTitles":[],"failureMessages":[],"fullName":"Grid responsive column","location":null,"status":"passed","title":"Grid responsive column"},{"ancestorTitles":[],"failureMessages":[],"fullName":"Grid offset column","location":null,"status":"passed","title":"Grid offset column"},{"ancestorTitles":[],"failureMessages":[],"fullName":"Grid centering column in row","location":null,"status":"passed","title":"Grid centering column in row"}],"endTime":1584216133832,"message":"","name":"/Works/paku/src/components/grid/__test__/grid.test.js","startTime":1584216127505,"status":"passed","summary":""}],"wasInterrupted":false}